<?xml version="1.0" encoding="UTF-8"?>
<!-- Generated by org.testng.reporters.JUnitReportReporter -->
<testsuite hostname="HYDPCM153129L" name="com.mercury.testcases.LoginPageTest" tests="2" failures="0" timestamp="20 Aug 2019 10:57:37 GMT" time="48.501" errors="0">
  <testcase name="loginTest" time="27.976" classname="com.mercury.testcases.LoginPageTest"/>
  <testcase name="loginPageTitleTest" time="20.525" classname="com.mercury.testcases.LoginPageTest"/>
</testsuite> <!-- com.mercury.testcases.LoginPageTest -->
