<?xml version="1.0" encoding="UTF-8"?>
<!-- Generated by org.testng.reporters.JUnitReportReporter -->
<testsuite hostname="HYDPCM153129L" name="com.mercury.testcases.LoginPageTest" tests="2" failures="0" timestamp="18 Aug 2019 13:03:53 GMT" time="36.079" errors="0">
  <testcase name="loginPageTitleTest" time="18.218" classname="com.mercury.testcases.LoginPageTest"/>
  <testcase name="loginTest" time="17.861" classname="com.mercury.testcases.LoginPageTest"/>
</testsuite> <!-- com.mercury.testcases.LoginPageTest -->
