<?xml version="1.0" encoding="UTF-8"?>
<!-- Generated by org.testng.reporters.JUnitReportReporter -->
<testsuite hostname="HYDPCM153129L" name="com.mercury.testcases.LoginPageTest" tests="2" failures="0" timestamp="24 Aug 2019 09:07:08 GMT" time="31.009" errors="0">
  <testcase name="loginPageTitleTest" time="11.088" classname="com.mercury.testcases.LoginPageTest"/>
  <testcase name="loginTest" time="19.921" classname="com.mercury.testcases.LoginPageTest"/>
</testsuite> <!-- com.mercury.testcases.LoginPageTest -->
