<?xml version="1.0" encoding="UTF-8"?>
<!-- Generated by org.testng.reporters.JUnitReportReporter -->
<testsuite hostname="HYDPCM153129L" name="com.mercury.testcases.HomePageTest" tests="3" failures="0" timestamp="18 Aug 2019 16:15:14 GMT" time="52.910" errors="0">
  <testcase name="verifyUserName" time="16.583" classname="com.mercury.testcases.HomePageTest"/>
  <testcase name="verifyHomePageTitleTest" time="15.778" classname="com.mercury.testcases.HomePageTest"/>
  <testcase name="verifyContactsLinkTest" time="20.549" classname="com.mercury.testcases.HomePageTest"/>
</testsuite> <!-- com.mercury.testcases.HomePageTest -->
