<?xml version="1.0" encoding="UTF-8"?>
<!-- Generated by org.testng.reporters.JUnitReportReporter -->
<testsuite hostname="HYDPCM153129L" name="com.mercury.testcases.ContactsPageTest" tests="4" failures="0" timestamp="21 Aug 2019 06:47:31 GMT" time="111.863" errors="0">
  <testcase name="validateCreateNewContact" time="27.936" classname="com.mercury.testcases.ContactsPageTest"/>
  <testcase name="validateCreateNewContact" time="26.465" classname="com.mercury.testcases.ContactsPageTest"/>
  <testcase name="validateCreateNewContact" time="27.436" classname="com.mercury.testcases.ContactsPageTest"/>
  <testcase name="verifyContactsPageLabel" time="30.026" classname="com.mercury.testcases.ContactsPageTest"/>
</testsuite> <!-- com.mercury.testcases.ContactsPageTest -->
