<?xml version="1.0" encoding="UTF-8"?>
<!-- Generated by org.testng.reporters.JUnitReportReporter -->
<testsuite hostname="HYDPCM153129L" name="com.mercury.testcases.HomePageTest" tests="3" failures="0" timestamp="24 Aug 2019 09:07:08 GMT" time="95.433" errors="0">
  <testcase name="verifyUserName" time="24.385" classname="com.mercury.testcases.HomePageTest"/>
  <testcase name="verifyContactsLinkTest" time="37.293" classname="com.mercury.testcases.HomePageTest"/>
  <testcase name="verifyHomePageTitleTest" time="33.755" classname="com.mercury.testcases.HomePageTest"/>
</testsuite> <!-- com.mercury.testcases.HomePageTest -->
