<?xml version="1.0" encoding="UTF-8"?>
<!-- Generated by org.testng.reporters.JUnitReportReporter -->
<testsuite hostname="HYDPCM153129L" name="com.mercury.testcases.LoginPageTest" tests="2" failures="0" timestamp="24 Aug 2019 17:02:08 GMT" time="39.313" errors="0">
  <testcase name="loginTest" time="21.869" classname="com.mercury.testcases.LoginPageTest"/>
  <testcase name="loginPageTitleTest" time="17.444" classname="com.mercury.testcases.LoginPageTest"/>
</testsuite> <!-- com.mercury.testcases.LoginPageTest -->
