<?xml version="1.0" encoding="UTF-8"?>
<!-- Generated by org.testng.reporters.JUnitReportReporter -->
<testsuite hostname="HYDPCM153129L" name="com.mercury.testcases.HomePageTest" tests="3" failures="0" timestamp="23 Aug 2019 04:32:04 GMT" time="73.204" errors="0">
  <testcase name="verifyContactsLinkTest" time="20.452" classname="com.mercury.testcases.HomePageTest"/>
  <testcase name="verifyUserName" time="30.431" classname="com.mercury.testcases.HomePageTest"/>
  <testcase name="verifyHomePageTitleTest" time="22.321" classname="com.mercury.testcases.HomePageTest"/>
</testsuite> <!-- com.mercury.testcases.HomePageTest -->
