<?xml version="1.0" encoding="UTF-8"?>
<!-- Generated by org.testng.reporters.JUnitReportReporter -->
<testsuite hostname="HYDPCM153129L" name="com.mercury.testcases.ContactsPageTest" tests="4" failures="0" timestamp="23 Aug 2019 04:32:04 GMT" time="115.613" errors="0">
  <testcase name="validateCreateNewContact" time="29.031" classname="com.mercury.testcases.ContactsPageTest"/>
  <testcase name="validateCreateNewContact" time="31.568" classname="com.mercury.testcases.ContactsPageTest"/>
  <testcase name="validateCreateNewContact" time="31.906" classname="com.mercury.testcases.ContactsPageTest"/>
  <testcase name="verifyContactsPageLabel" time="23.108" classname="com.mercury.testcases.ContactsPageTest"/>
</testsuite> <!-- com.mercury.testcases.ContactsPageTest -->
