<?xml version="1.0" encoding="UTF-8"?>
<!-- Generated by org.testng.reporters.JUnitReportReporter -->
<testsuite hostname="HYDPCM153129L" name="com.mercury.testcases.HomePageTest" tests="3" failures="0" timestamp="19 Aug 2019 11:53:14 GMT" time="75.980" errors="0">
  <testcase name="verifyUserName" time="35.864" classname="com.mercury.testcases.HomePageTest"/>
  <testcase name="verifyContactsLinkTest" time="22.461" classname="com.mercury.testcases.HomePageTest"/>
  <testcase name="verifyHomePageTitleTest" time="17.655" classname="com.mercury.testcases.HomePageTest"/>
</testsuite> <!-- com.mercury.testcases.HomePageTest -->
