<?xml version="1.0" encoding="UTF-8"?>
<!-- Generated by org.testng.reporters.JUnitReportReporter -->
<testsuite hostname="HYDPCM153129L" name="com.mercury.testcases.HomePageTest" tests="3" failures="0" timestamp="24 Aug 2019 17:02:08 GMT" time="78.039" errors="0">
  <testcase name="verifyUserName" time="25.620" classname="com.mercury.testcases.HomePageTest"/>
  <testcase name="verifyHomePageTitleTest" time="26.736" classname="com.mercury.testcases.HomePageTest"/>
  <testcase name="verifyContactsLinkTest" time="25.683" classname="com.mercury.testcases.HomePageTest"/>
</testsuite> <!-- com.mercury.testcases.HomePageTest -->
