<?xml version="1.0" encoding="UTF-8"?>
<!-- Generated by org.testng.reporters.JUnitReportReporter -->
<testsuite hostname="HYDPCM153129L" name="com.mercury.testcases.LoginPageTest" tests="2" failures="0" timestamp="24 Aug 2019 09:01:13 GMT" time="33.108" errors="0">
  <testcase name="loginPageTitleTest" time="13.075" classname="com.mercury.testcases.LoginPageTest"/>
  <testcase name="loginTest" time="20.033" classname="com.mercury.testcases.LoginPageTest"/>
</testsuite> <!-- com.mercury.testcases.LoginPageTest -->
