<?xml version="1.0" encoding="UTF-8"?>
<!-- Generated by org.testng.reporters.JUnitReportReporter -->
<testsuite hostname="HYDPCM153129L" name="com.mercury.testcases.ContactsPageTest" tests="4" failures="0" timestamp="24 Aug 2019 09:07:08 GMT" time="135.280" errors="0">
  <testcase name="validateCreateNewContact" time="45.069" classname="com.mercury.testcases.ContactsPageTest"/>
  <testcase name="validateCreateNewContact" time="37.985" classname="com.mercury.testcases.ContactsPageTest"/>
  <testcase name="validateCreateNewContact" time="24.423" classname="com.mercury.testcases.ContactsPageTest"/>
  <testcase name="verifyContactsPageLabel" time="27.803" classname="com.mercury.testcases.ContactsPageTest"/>
</testsuite> <!-- com.mercury.testcases.ContactsPageTest -->
