<?xml version="1.0" encoding="UTF-8"?>
<!-- Generated by org.testng.reporters.JUnitReportReporter -->
<testsuite hostname="HYDPCM153129L" name="com.mercury.testcases.ContactsPageTest" tests="4" failures="0" timestamp="7 Oct 2019 16:10:55 GMT" time="122.783" errors="0">
  <testcase name="validateCreateNewContact" time="31.991" classname="com.mercury.testcases.ContactsPageTest"/>
  <testcase name="validateCreateNewContact" time="32.683" classname="com.mercury.testcases.ContactsPageTest"/>
  <testcase name="verifyContactsPageLabel" time="23.731" classname="com.mercury.testcases.ContactsPageTest"/>
  <testcase name="validateCreateNewContact" time="34.378" classname="com.mercury.testcases.ContactsPageTest"/>
</testsuite> <!-- com.mercury.testcases.ContactsPageTest -->
